[35m[Appium][39m Welcome to Appium v2.5.4
[35m[Appium][39m Non-default server args:
[35m[Appium][39m { basePath: [32m'/wd/hub'[39m, loglevel: [32m'info'[39m, port: [33m62077[39m }
[35m[Appium][39m Attempting to load driver uiautomator2...
[35m[Appium][39m Appium REST http interface listener started on http://0.0.0.0:62077/wd/hub
[35m[Appium][39m You can provide the following URLs in your client code to connect to this server:
[35m[Appium][39m 	http://192.168.56.1:62077/wd/hub
[35m[Appium][39m 	http://192.168.56.2:62077/wd/hub
[35m[Appium][39m 	http://192.168.9.103:62077/wd/hub
[35m[Appium][39m 	http://127.0.0.1:62077/wd/hub (only accessible from the same host)
[35m[Appium][39m Available drivers:
[35m[Appium][39m   - uiautomator2@3.5.2 (automationName 'UiAutomator2')
[35m[Appium][39m No plugins have been installed. Use the "appium plugin" command to install the one(s) you want to use.
[38;5;0m[HTTP][0m [37m-->[39m [37mGET[39m [37m/wd/hub/status[39m
[38;5;0m[HTTP][0m [90m{}[39m
[38;5;0m[HTTP][0m [37m<-- GET /wd/hub/status [39m[32m200[39m [90m6 ms - 110[39m
[38;5;0m[HTTP][0m [90m[39m
[38;5;0m[HTTP][0m [37m-->[39m [37mGET[39m [37m/wd/hub/status[39m
[38;5;0m[HTTP][0m [90m{}[39m
[38;5;0m[HTTP][0m [37m<-- GET /wd/hub/status [39m[32m200[39m [90m1 ms - 110[39m
[38;5;0m[HTTP][0m [90m[39m
[38;5;0m[HTTP][0m [37m-->[39m [37mPOST[39m [37m/wd/hub/session[39m
[38;5;0m[HTTP][0m [90m{"desiredCapabilities":{"appium:systemPort":8298,"appium:newCommandTimeout":1800,"appium:appWaitActivity":"*","appium:automationName":"uiautomator2","appium:platformVersion":"11","appium:deviceId":"192.168.9.117:5555","appium:udid":"192.168.9.117:5555","appium:autoGrantPermissions":true,"appium:platformName":"ANDROID","appium:appActivity":".Settings","appium:deviceName":"realme RMX3268 (Android 11)","platformName":"Android","appium:appPackage":"com.android.settings"},"capabilities":{"firstMatch":[{"appium:appActivity":".Settings","appium:appPackage":"com.android.settings","appium:appWaitActivity":"*","appium:autoGrantPermissions":true,"appium:automationName":"uiautomator2","appium:deviceId":"192.168.9.117:5555","appium:deviceName":"realme RMX3268 (Android 11)","appium:newCommandTimeout":1800,"appium:platformName":"ANDROID","appium:platformVersion":"11","appium:systemPort":8298,"appium:udid":"192.168.9.117:5555","platformName":"android"}]}}[39m
[38;5;32m[BaseDriver][0m Ignoring capability 'appium:platformName=ANDROID' and using capability 'platformName=android'
[38;5;32m[BaseDriver][0m The capabilities ["platformName"] are standard capabilities and do not require "appium:" prefix
[35m[Appium][39m Attempting to find matching driver for automationName 'uiautomator2' and platformName 'android'
[35m[Appium][39m The 'uiautomator2' driver was installed and matched caps.
[35m[Appium][39m Will require it at C:\Users\USER\.appium\node_modules\appium-uiautomator2-driver
[38;5;16m[AppiumDriver@4ea0][0m Appium v2.5.4 creating new AndroidUiautomator2Driver (v3.5.2) session
[38;5;16m[AppiumDriver@4ea0][0m Checking BaseDriver versions for Appium and AndroidUiautomator2Driver
[38;5;16m[AppiumDriver@4ea0][0m Appium's BaseDriver version is 9.6.0
[38;5;16m[AppiumDriver@4ea0][0m AndroidUiautomator2Driver's BaseDriver version is 9.6.0
[38;5;48m[AndroidUiautomator2Driver@d5b4][0m The following provided capabilities were not recognized by this driver:
[38;5;48m[AndroidUiautomator2Driver@d5b4][0m   deviceId
[38;5;48m[AndroidUiautomator2Driver@d5b4 (6a3ebfee)][0m Session created with session id: 6a3ebfee-9b21-4a94-9deb-e87f3057d95e
[38;5;64m[ADB][0m Found 1 'build-tools' folders under 'C:\Users\USER\.katalon\tools\android_sdk' (newest first):
[38;5;64m[ADB][0m     C:\Users\USER\.katalon\tools\android_sdk\build-tools\29.0.3
[38;5;64m[ADB][0m Using 'adb.exe' from 'C:\Users\USER\.katalon\tools\android_sdk\platform-tools\adb.exe'
[38;5;48m[AndroidUiautomator2Driver@d5b4 (6a3ebfee)][0m Retrieving device list
[38;5;48m[AndroidUiautomator2Driver@d5b4 (6a3ebfee)][0m Using device: 192.168.9.117:5555
[38;5;64m[ADB][0m Using 'adb.exe' from 'C:\Users\USER\.katalon\tools\android_sdk\platform-tools\adb.exe'
[38;5;48m[AndroidUiautomator2Driver@d5b4 (6a3ebfee)][0m Starting 'com.android.settings' directly on the device
[38;5;64m[ADB][0m Getting device platform version
[38;5;48m[AndroidUiautomator2Driver@d5b4 (6a3ebfee)][0m Relaxing hidden api policy
[38;5;48m[AndroidUiautomator2Driver@d5b4 (6a3ebfee)][0m No app sent in, not parsing package/activity
[38;5;48m[AndroidUiautomator2Driver@d5b4 (6a3ebfee)][0m Server packages are not going to be (re)installed
[38;5;64m[ADB][0m Adding packages ["io.appium.settings","io.appium.uiautomator2.server","io.appium.uiautomator2.server.test"] to Doze whitelist
[38;5;48m[AndroidUiautomator2Driver@d5b4 (6a3ebfee)][0m The io.appium.uiautomator2.server.test process might fail to stop within 3000ms timeout.
[38;5;48m[AndroidUiautomator2Driver@d5b4 (6a3ebfee)][0m Starting UIAutomator2 server 7.0.9
[38;5;48m[AndroidUiautomator2Driver@d5b4 (6a3ebfee)][0m Using UIAutomator2 server from 'C:\Users\USER\.appium\node_modules\appium-uiautomator2-driver\node_modules\appium-uiautomator2-server\apks\appium-uiautomator2-server-v7.0.9.apk' and test from 'C:\Users\USER\.appium\node_modules\appium-uiautomator2-driver\node_modules\appium-uiautomator2-server\apks\appium-uiautomator2-server-debug-androidTest.apk'
[38;5;48m[AndroidUiautomator2Driver@d5b4 (6a3ebfee)][0m Waiting up to 30000ms for UiAutomator2 to be online...
[38;5;48m[AndroidUiautomator2Driver@d5b4 (6a3ebfee)][0m Determined the downstream protocol as 'W3C'
[38;5;48m[AndroidUiautomator2Driver@d5b4 (6a3ebfee)][0m Screen already unlocked, doing nothing
[38;5;48m[AndroidUiautomator2Driver@d5b4 (6a3ebfee)][0m Starting 'com.android.settings/.Settings and waiting for 'com.android.settings/*'
[38;5;16m[AppiumDriver@4ea0][0m New AndroidUiautomator2Driver session created successfully, session 6a3ebfee-9b21-4a94-9deb-e87f3057d95e added to master session list
[38;5;0m[HTTP][0m [37m<-- POST /wd/hub/session [39m[32m200[39m [90m7249 ms - 1215[39m
[38;5;0m[HTTP][0m [90m[39m
[38;5;0m[HTTP][0m [37m-->[39m [37mGET[39m [37m/wd/hub/session/6a3ebfee-9b21-4a94-9deb-e87f3057d95e[39m
[38;5;0m[HTTP][0m [90m{}[39m
[38;5;48m[AndroidUiautomator2Driver@d5b4 (6a3ebfee)][0m socket hang up
[38;5;0m[HTTP][0m [37m<-- GET /wd/hub/session/6a3ebfee-9b21-4a94-9deb-e87f3057d95e [39m[31m500[39m [90m132 ms - 771[39m
[38;5;0m[HTTP][0m [90m[39m
